This is XeTeX, Version 3.14159265-2.6-0.99996 (Web2C 2016/NixOS.org) (preloaded format=xelatex 2017.8.25)  27 OCT 2017 17:46
entering extended mode
 restricted \write18 enabled.
 %&-line parsing enabled.
**rules4.tex
(./rules4.tex
LaTeX2e <2016/03/31> patch level 1
Babel <3.9r> and hyphenation patterns for 86 language(s) loaded.

(/nix/store/89prsv09hkyvwbdf3cx5vm3c60adjmrx-texlive-combined-full-2016/share/t
exmf/tex/latex/base/article.cls
Document Class: article 2014/09/29 v1.4h Standard LaTeX document class

(/nix/store/89prsv09hkyvwbdf3cx5vm3c60adjmrx-texlive-combined-full-2016/share/t
exmf/tex/latex/base/size11.clo
File: size11.clo 2014/09/29 v1.4h Standard LaTeX file (size option)
)
\c@part=\count79
\c@section=\count80
\c@subsection=\count81
\c@subsubsection=\count82
\c@paragraph=\count83
\c@subparagraph=\count84
\c@figure=\count85
\c@table=\count86
\abovecaptionskip=\skip41
\belowcaptionskip=\skip42
\bibindent=\dimen102
)
(/nix/store/89prsv09hkyvwbdf3cx5vm3c60adjmrx-texlive-combined-full-2016/share/t
exmf/tex/latex/preprint/fullpage.sty
Package: fullpage 1999/02/23 1.1 (PWD)
\FP@margin=\skip43
)
(/nix/store/89prsv09hkyvwbdf3cx5vm3c60adjmrx-texlive-combined-full-2016/share/t
exmf/tex/latex/base/latexsym.sty
Package: latexsym 1998/08/17 v2.2e Standard LaTeX package (lasy symbols)
\symlasy=\mathgroup4
LaTeX Font Info:    Overwriting symbol font `lasy' in version `bold'
(Font)                  U/lasy/m/n --> U/lasy/b/n on input line 52.
)
(/nix/store/89prsv09hkyvwbdf3cx5vm3c60adjmrx-texlive-combined-full-2016/share/t
exmf/tex/latex/tools/verbatim.sty
Package: verbatim 2014/10/28 v1.5q LaTeX2e package for verbatim enhancements
\every@verbatim=\toks14
\verbatim@line=\toks15
\verbatim@in@stream=\read1
)
(/nix/store/89prsv09hkyvwbdf3cx5vm3c60adjmrx-texlive-combined-full-2016/share/t
exmf/tex/latex/amscls/amsthm.sty
Package: amsthm 2015/03/04 v2.20.2
\thm@style=\toks16
\thm@bodyfont=\toks17
\thm@headfont=\toks18
\thm@notefont=\toks19
\thm@headpunct=\toks20
\thm@preskip=\skip44
\thm@postskip=\skip45
\thm@headsep=\skip46
\dth@everypar=\toks21
)
(/nix/store/89prsv09hkyvwbdf3cx5vm3c60adjmrx-texlive-combined-full-2016/share/t
exmf/tex/latex/amsfonts/amssymb.sty
Package: amssymb 2013/01/14 v3.01 AMS font symbols

(/nix/store/89prsv09hkyvwbdf3cx5vm3c60adjmrx-texlive-combined-full-2016/share/t
exmf/tex/latex/amsfonts/amsfonts.sty
Package: amsfonts 2013/01/14 v3.01 Basic AMSFonts support
\@emptytoks=\toks22
\symAMSa=\mathgroup5
\symAMSb=\mathgroup6
LaTeX Font Info:    Overwriting math alphabet `\mathfrak' in version `bold'
(Font)                  U/euf/m/n --> U/euf/b/n on input line 106.
))
(/nix/store/89prsv09hkyvwbdf3cx5vm3c60adjmrx-texlive-combined-full-2016/share/t
exmf/tex/latex/amsmath/amsmath.sty
Package: amsmath 2016/03/10 v2.15b AMS math features
\@mathmargin=\skip47

For additional information on amsmath, use the `?' option.

(/nix/store/89prsv09hkyvwbdf3cx5vm3c60adjmrx-texlive-combined-full-2016/share/t
exmf/tex/latex/amsmath/amstext.sty
Package: amstext 2000/06/29 v2.01 AMS text

(/nix/store/89prsv09hkyvwbdf3cx5vm3c60adjmrx-texlive-combined-full-2016/share/t
exmf/tex/latex/amsmath/amsgen.sty
File: amsgen.sty 1999/11/30 v2.0 generic functions
\@emptytoks=\toks23
\ex@=\dimen103
))
(/nix/store/89prsv09hkyvwbdf3cx5vm3c60adjmrx-texlive-combined-full-2016/share/t
exmf/tex/latex/amsmath/amsbsy.sty
Package: amsbsy 1999/11/29 v1.2d Bold Symbols
\pmbraise@=\dimen104
)
(/nix/store/89prsv09hkyvwbdf3cx5vm3c60adjmrx-texlive-combined-full-2016/share/t
exmf/tex/latex/amsmath/amsopn.sty
Package: amsopn 2016/03/08 v2.02 operator names
)
\inf@bad=\count87
LaTeX Info: Redefining \frac on input line 199.
\uproot@=\count88
\leftroot@=\count89
LaTeX Info: Redefining \overline on input line 297.
\classnum@=\count90
\DOTSCASE@=\count91
LaTeX Info: Redefining \ldots on input line 394.
LaTeX Info: Redefining \dots on input line 397.
LaTeX Info: Redefining \cdots on input line 518.
\Mathstrutbox@=\box26
\strutbox@=\box27
\big@size=\dimen105
LaTeX Font Info:    Redeclaring font encoding OML on input line 634.
LaTeX Font Info:    Redeclaring font encoding OMS on input line 635.
\macc@depth=\count92
\c@MaxMatrixCols=\count93
\dotsspace@=\muskip10
\c@parentequation=\count94
\dspbrk@lvl=\count95
\tag@help=\toks24
\row@=\count96
\column@=\count97
\maxfields@=\count98
\andhelp@=\toks25
\eqnshift@=\dimen106
\alignsep@=\dimen107
\tagshift@=\dimen108
\tagwidth@=\dimen109
\totwidth@=\dimen110
\lineht@=\dimen111
\@envbody=\toks26
\multlinegap=\skip48
\multlinetaggap=\skip49
\mathdisplay@stack=\toks27
LaTeX Info: Redefining \[ on input line 2739.
LaTeX Info: Redefining \] on input line 2740.
)
(/nix/store/89prsv09hkyvwbdf3cx5vm3c60adjmrx-texlive-combined-full-2016/share/t
exmf/tex/latex/stackengine/stackengine.sty
Package: stackengine 2014/01/06 v3.24\ Stacking text and objects in convenient 
ways

(/nix/store/89prsv09hkyvwbdf3cx5vm3c60adjmrx-texlive-combined-full-2016/share/t
exmf/tex/latex/etoolbox/etoolbox.sty
Package: etoolbox 2015/08/02 v2.2a e-TeX tools for LaTeX (JAW)
\etb@tempcnta=\count99
)
(/nix/store/89prsv09hkyvwbdf3cx5vm3c60adjmrx-texlive-combined-full-2016/share/t
exmf/tex/latex/tools/calc.sty
Package: calc 2014/10/28 v4.3 Infix arithmetic (KKT,FJ)
\calc@Acount=\count100
\calc@Bcount=\count101
\calc@Adimen=\dimen112
\calc@Bdimen=\dimen113
\calc@Askip=\skip50
\calc@Bskip=\skip51
LaTeX Info: Redefining \setlength on input line 80.
LaTeX Info: Redefining \addtolength on input line 81.
\calc@Ccount=\count102
\calc@Cskip=\skip52
)
\c@@stackindex=\count103
\@boxshift=\skip53
\stack@tmplength=\skip54
\temp@stkl=\skip55
\@stackedboxwidth=\skip56
\@addedbox=\box28
\@anchorbox=\box29
\stackedbox=\box30
\@centerbox=\box31
\c@ROWcellindex@=\count104
)
(/nix/store/89prsv09hkyvwbdf3cx5vm3c60adjmrx-texlive-combined-full-2016/share/t
exmf/tex/latex/scalerel/scalerel.sty
Package: scalerel 2015/02/18 v1.7 Routines for constrained scaling and stretchi
ng of objects, relative to a reference object or in absolute terms

(/nix/store/89prsv09hkyvwbdf3cx5vm3c60adjmrx-texlive-combined-full-2016/share/t
exmf/tex/latex/graphics/graphicx.sty
Package: graphicx 2014/10/28 v1.0g Enhanced LaTeX Graphics (DPC,SPQR)

(/nix/store/89prsv09hkyvwbdf3cx5vm3c60adjmrx-texlive-combined-full-2016/share/t
exmf/tex/latex/graphics/keyval.sty
Package: keyval 2014/10/28 v1.15 key=value parser (DPC)
\KV@toks@=\toks28
)
(/nix/store/89prsv09hkyvwbdf3cx5vm3c60adjmrx-texlive-combined-full-2016/share/t
exmf/tex/latex/graphics/graphics.sty
Package: graphics 2016/06/02 v1.0s Standard LaTeX Graphics (DPC,SPQR)

(/nix/store/89prsv09hkyvwbdf3cx5vm3c60adjmrx-texlive-combined-full-2016/share/t
exmf/tex/latex/graphics/trig.sty
Package: trig 2016/01/03 v1.10 sin cos tan (DPC)
)
(/nix/store/89prsv09hkyvwbdf3cx5vm3c60adjmrx-texlive-combined-full-2016/share/t
exmf/tex/latex/graphics-cfg/graphics.cfg
File: graphics.cfg 2016/06/04 v1.11 sample graphics configuration
)
Package graphics Info: Driver file: xetex.def on input line 99.

(/nix/store/89prsv09hkyvwbdf3cx5vm3c60adjmrx-texlive-combined-full-2016/share/t
exmf/tex/xelatex/xetex-def/xetex.def
File: xetex.def 2016/04/06 v4.08 LaTeX color/graphics driver for XeTeX (TeX Liv
e/RRM/JK)

(/nix/store/89prsv09hkyvwbdf3cx5vm3c60adjmrx-texlive-combined-full-2016/share/t
exmf/tex/generic/oberdiek/infwarerr.sty
Package: infwarerr 2016/05/16 v1.4 Providing info/warning/error messages (HO)
)
(/nix/store/89prsv09hkyvwbdf3cx5vm3c60adjmrx-texlive-combined-full-2016/share/t
exmf/tex/generic/oberdiek/ltxcmds.sty
Package: ltxcmds 2016/05/16 v1.23 LaTeX kernel commands for general use (HO)
)))
\Gin@req@height=\dimen114
\Gin@req@width=\dimen115
)
\thesrwidth=\skip57
\thesrheight=\skip58
\srblobheight=\skip59
\srblobdepth=\skip60
\mnxsrwidth=\skip61
\prebox=\box32
\LMex=\skip62
\LMpt=\skip63
) (./code.sty
Package: code 

(/nix/store/89prsv09hkyvwbdf3cx5vm3c60adjmrx-texlive-combined-full-2016/share/t
exmf/tex/latex/graphics/color.sty
Package: color 2016/06/02 v1.1d Standard LaTeX Color (DPC)

(/nix/store/89prsv09hkyvwbdf3cx5vm3c60adjmrx-texlive-combined-full-2016/share/t
exmf/tex/latex/graphics-cfg/color.cfg
File: color.cfg 2016/01/02 v1.6 sample color configuration
)
Package color Info: Driver file: xetex.def on input line 147.
)) (./proof.sty
\inferLineSkip=\dimen116
\inferLabelSkip=\dimen117
\@LeftOffset=\dimen118
\@RightOffset=\dimen119
\@SavedLeftOffset=\dimen120
\UpperWidth=\dimen121
\LowerWidth=\dimen122
\LowerHeight=\dimen123
\UpperLeftOffset=\dimen124
\UpperRightOffset=\dimen125
\UpperCenter=\dimen126
\LowerCenter=\dimen127
\UpperAdjust=\dimen128
\RuleAdjust=\dimen129
\LowerAdjust=\dimen130
\RuleWidth=\dimen131
\HLabelAdjust=\dimen132
\VLabelAdjust=\dimen133
\WidthAdjust=\dimen134
\@UpperPart=\box33
\@LowerPart=\box34
\@LabelPart=\box35
\ResultBox=\box36
) (./mathpartir.sty
Invalid UTF-8 byte or sequence at line 3 replaced by U+FFFD.
Package: mathpartir 2005/12/20 version 1.2.0 Math Paragraph for Typesetting Inf
erence Rules
\mpr@andskip=\skip64
\mpr@lista=\toks29
\mpr@listb=\toks30
\mpr@hlist=\box37
\mpr@vlist=\box38
\mpr@right=\box39
)
(/nix/store/89prsv09hkyvwbdf3cx5vm3c60adjmrx-texlive-combined-full-2016/share/t
exmf/tex/latex/turnstile/turnstile.sty
Package: turnstile 2007/06/23 v1.0 turnstile file

(/nix/store/89prsv09hkyvwbdf3cx5vm3c60adjmrx-texlive-combined-full-2016/share/t
exmf/tex/latex/base/ifthen.sty
Package: ifthen 2014/09/29 v1.1c Standard LaTeX ifthen package (DPC)
)
\firstwidth=\skip65
\secondwidth=\skip66
\extrawidth=\skip67
\leasturnstilewidth=\skip68
\turnstilewidth=\skip69
\turnstileheight=\skip70
\dashthickness=\skip71
\ddashthickness=\skip72
\raiseup=\skip73
\raisedown=\skip74
\tinyverdistance=\skip75
\verdistance=\skip76
\lift=\skip77
\lengthvar=\skip78
\first=\box40
\second=\box41
\turnstilebox=\box42
)
(/nix/store/89prsv09hkyvwbdf3cx5vm3c60adjmrx-texlive-combined-full-2016/share/t
exmf/tex/latex/fancyvrb/fancyvrb.sty
Package: fancyvrb 2008/02/07

Style option: `fancyvrb' v2.7a, with DG/SPQR fixes, and firstline=lastline fix 
<2008/02/07> (tvz)
\FV@CodeLineNo=\count105
\FV@InFile=\read2
\FV@TabBox=\box43
\c@FancyVerbLine=\count106
\FV@StepNumber=\count107
\FV@OutFile=\write3
) (./generic-defns.tex) (./syn-defns.tex)
(../pfpl/fun-defns.tex) (../pfpl/pcf-defns.tex) (../pfpl/prod-defns.tex)
(../pfpl/sum-defns.tex) (../pfpl/icoi-defns.tex) (../pfpl/t-defns.tex)
\c@group=\count108
\c@theorem=\count109
\c@rule=\count110
\c@infercount=\count111

(./rules4.aux)
\openout1 = `rules4.aux'.

LaTeX Font Info:    Checking defaults for OML/cmm/m/it on input line 84.
LaTeX Font Info:    ... okay on input line 84.
LaTeX Font Info:    Checking defaults for T1/cmr/m/n on input line 84.
LaTeX Font Info:    ... okay on input line 84.
LaTeX Font Info:    Checking defaults for OT1/cmr/m/n on input line 84.
LaTeX Font Info:    ... okay on input line 84.
LaTeX Font Info:    Checking defaults for OMS/cmsy/m/n on input line 84.
LaTeX Font Info:    ... okay on input line 84.
LaTeX Font Info:    Checking defaults for OMX/cmex/m/n on input line 84.
LaTeX Font Info:    ... okay on input line 84.
LaTeX Font Info:    Checking defaults for U/cmr/m/n on input line 84.
LaTeX Font Info:    ... okay on input line 84.
LaTeX Font Info:    Try loading font information for U+lasy on input line 85.

(/nix/store/89prsv09hkyvwbdf3cx5vm3c60adjmrx-texlive-combined-full-2016/share/t
exmf/tex/latex/base/ulasy.fd
File: ulasy.fd 1998/08/17 v2.2e LaTeX symbol font definitions
)
LaTeX Font Info:    Try loading font information for U+msa on input line 85.

(/nix/store/89prsv09hkyvwbdf3cx5vm3c60adjmrx-texlive-combined-full-2016/share/t
exmf/tex/latex/amsfonts/umsa.fd
File: umsa.fd 2013/01/14 v3.01 AMS symbols A
)
LaTeX Font Info:    Try loading font information for U+msb on input line 85.

(/nix/store/89prsv09hkyvwbdf3cx5vm3c60adjmrx-texlive-combined-full-2016/share/t
exmf/tex/latex/amsfonts/umsb.fd
File: umsb.fd 2013/01/14 v3.01 AMS symbols B
) [1

] [2]
Underfull \hbox (badness 10000) in paragraph at lines 140--143

 []


Underfull \hbox (badness 10000) in paragraph at lines 144--146

 []


! LaTeX Error: \mathtt allowed only in math mode.

See the LaTeX manual or LaTeX Companion for explanation.
Type  H <return>  for immediate help.
 ...                                              
                                                  
l.148 ...h{and} a state $s$. If $s$ is \irl{alive}
                                                  , then $v$ can still be us...

You're in trouble here.  Try typing  <return>  to proceed.
If that doesn't work, type  X <return>  to quit.


Underfull \hbox (badness 10000) in paragraph at lines 147--149

 []


Underfull \hbox (badness 10000) in paragraph at lines 150--154

 []


Underfull \hbox (badness 10000) in paragraph at lines 165--167

 []


! LaTeX Error: There's no line here to end.

See the LaTeX manual or LaTeX Companion for explanation.
Type  H <return>  for immediate help.
 ...                                              
                                                  
l.174 $
       \forall x,y \in \overline V$, $x \ne y$. \text{ Let } $r_x = reach_H(...

Your command was ignored.
Type  I <command> <return>  to replace it with another command,
or  <return>  to continue without it.

[3]
Underfull \hbox (badness 10000) in paragraph at lines 184--186

 []

[4]
Overfull \vbox (60.4822pt too high) has occurred while \output is active []


[5] [6]
Underfull \hbox (badness 10000) in paragraph at lines 472--473

 []

[7]

! Package amsmath Error: Multiple \tag.

See the amsmath package documentation for explanation.
Type  H <return>  for immediate help.
 ...                                              
                                                  
l.561   \end{align*}
                    
\tag cannot be used at this point. If you don't understand why
you should consult the documentation.
But don't worry: just continue, and I'll forget what happened. 


! Package amsmath Error: Multiple \tag.

See the amsmath package documentation for explanation.
Type  H <return>  for immediate help.
 ...                                              
                                                  
l.561   \end{align*}
                    
\tag cannot be used at this point. If you don't understand why
you should consult the documentation.
But don't worry: just continue, and I'll forget what happened. 


Overfull \hbox (34.24066pt too wide) in paragraph at lines 561--561
[] 
 []

[8] [9] [10] [11] [12]
Underfull \hbox (badness 10000) in paragraph at lines 694--695

 []

[13] [14] [15] [16] [17] (./rules4.aux)

LaTeX Warning: Label(s) may have changed. Rerun to get cross-references right.

 ) 
Here is how much of TeX's memory you used:
 3744 strings out of 493519
 49238 string characters out of 6121971
 142587 words of memory out of 5000000
 7071 multiletter control sequences out of 15000+600000
 15765 words of font info for 63 fonts, out of 8000000 for 9000
 1406 hyphenation exceptions out of 8191
 34i,17n,36p,810b,365s stack positions out of 5000i,500n,10000p,200000b,80000s

Output written on rules4.pdf (17 pages).
